<?xml version="1.0" encoding="UTF-8"?>
<!-- Generated by org.testng.reporters.JUnitReportReporter -->
<testsuite hostname="LAPTOP-06O5FH9R" failures="0" tests="1" name="testfiles.testnghjhj" time="18.189" errors="0" timestamp="2021-11-28T19:37:13 IST" skipped="0">
  <testcase classname="testfiles.testnghjhj" name="tester11" time="18.189"/>
  <system-out/>
</testsuite> <!-- testfiles.testnghjhj -->
